<?xml version="1.0" encoding="UTF-8"?>
<testng-results ignored="0" total="1" passed="1" failed="0" skipped="0">
  <reporter-output>
  </reporter-output>
  <suite started-at="2022-08-10T18:02:41 IST" name="Default suite" finished-at="2022-08-10T18:08:21 IST" duration-ms="340173">
    <groups>
    </groups>
    <test started-at="2022-08-10T18:02:41 IST" name="Default test" finished-at="2022-08-10T18:08:21 IST" duration-ms="340173">
      <class name="generic.Preconditions">
        <test-method signature="setUp()[pri:0, instance:generic.Preconditions@20f5239f]" started-at="2022-08-10T18:02:41 IST" name="setUp" finished-at="2022-08-10T18:08:21 IST" duration-ms="340131" status="PASS">
          <reporter-output>
          </reporter-output>
        </test-method> <!-- setUp -->
      </class> <!-- generic.Preconditions -->
    </test> <!-- Default test -->
  </suite> <!-- Default suite -->
</testng-results>
